<?xml version="1.0" encoding="UTF-8"?>
<testng-results skipped="0" failed="0" ignored="0" total="1" passed="1">
  <reporter-output>
    <line>
      <![CDATA[<div "result">I am on login page (PASSED : 0s)</div>]]>
    </line>
    <line>
      <![CDATA[<div "result">I press login (PASSED : 0s)</div>]]>
    </line>
    <line>
      <![CDATA[<div "result">I am logged in (PASSED : 0s)</div>]]>
    </line>
  </reporter-output>
  <suite name="Surefire suite" duration-ms="236" started-at="2019-01-29T17:16:57Z" finished-at="2019-01-29T17:16:57Z">
    <groups>
      <group name="cucumber">
        <method signature="AbstractTestNGCucumberTests.runScenario(cucumber.api.testng.PickleEventWrapper, cucumber.api.testng.CucumberFeatureWrapper)[pri:0, instance:ch.creditsuisse.testing.tests.Sanity@617c74e5]" name="runScenario" class="cucumber.api.testng.AbstractTestNGCucumberTests"/>
      </group> <!-- cucumber -->
    </groups>
    <test name="Surefire test" duration-ms="236" started-at="2019-01-29T17:16:57Z" finished-at="2019-01-29T17:16:57Z">
      <class name="ch.creditsuisse.testing.tests.Sanity">
        <test-method status="PASS" signature="setUpClass()[pri:0, instance:ch.creditsuisse.testing.tests.Sanity@617c74e5]" name="setUpClass" is-config="true" duration-ms="108" started-at="2019-01-29T17:16:57Z" finished-at="2019-01-29T17:16:57Z">
          <reporter-output>
          </reporter-output>
        </test-method> <!-- setUpClass -->
        <test-method status="PASS" signature="runScenario(cucumber.api.testng.PickleEventWrapper, cucumber.api.testng.CucumberFeatureWrapper)[pri:0, instance:ch.creditsuisse.testing.tests.Sanity@617c74e5]" name="runScenario" duration-ms="19" started-at="2019-01-29T17:16:57Z" description="Runs Cucumber Scenarios" data-provider="scenarios" finished-at="2019-01-29T17:16:57Z">
          <params>
            <param index="0">
              <value>
                <![CDATA["What a feature <testCase>"]]>
              </value>
            </param>
            <param index="1">
              <value>
                <![CDATA[""]]>
              </value>
            </param>
          </params>
          <reporter-output>
            <line>
              <![CDATA[<div "result">I am on login page (PASSED : 0s)</div>]]>
            </line>
            <line>
              <![CDATA[<div "result">I press login (PASSED : 0s)</div>]]>
            </line>
            <line>
              <![CDATA[<div "result">I am logged in (PASSED : 0s)</div>]]>
            </line>
          </reporter-output>
        </test-method> <!-- runScenario -->
        <test-method status="PASS" signature="tearDownClass()[pri:0, instance:ch.creditsuisse.testing.tests.Sanity@617c74e5]" name="tearDownClass" is-config="true" duration-ms="18" started-at="2019-01-29T17:16:57Z" finished-at="2019-01-29T17:16:57Z">
          <reporter-output>
          </reporter-output>
        </test-method> <!-- tearDownClass -->
      </class> <!-- ch.creditsuisse.testing.tests.Sanity -->
    </test> <!-- Surefire test -->
  </suite> <!-- Surefire suite -->
</testng-results>
